no change     /home/u21/zkdeng/miniforge3/condabin/conda
no change     /home/u21/zkdeng/miniforge3/bin/conda
no change     /home/u21/zkdeng/miniforge3/bin/conda-env
no change     /home/u21/zkdeng/miniforge3/bin/activate
no change     /home/u21/zkdeng/miniforge3/bin/deactivate
no change     /home/u21/zkdeng/miniforge3/etc/profile.d/conda.sh
no change     /home/u21/zkdeng/miniforge3/etc/fish/conf.d/conda.fish
no change     /home/u21/zkdeng/miniforge3/shell/condabin/Conda.psm1
no change     /home/u21/zkdeng/miniforge3/shell/condabin/conda-hook.ps1
no change     /home/u21/zkdeng/miniforge3/lib/python3.12/site-packages/xontrib/conda.xsh
no change     /home/u21/zkdeng/miniforge3/etc/profile.d/conda.csh
modified      /home/u21/zkdeng/.bashrc

==> For changes to take effect, close and re-open your current shell. <==

no change     /home/u21/zkdeng/miniforge3/condabin/conda
no change     /home/u21/zkdeng/miniforge3/bin/conda
no change     /home/u21/zkdeng/miniforge3/bin/conda-env
no change     /home/u21/zkdeng/miniforge3/bin/activate
no change     /home/u21/zkdeng/miniforge3/bin/deactivate
no change     /home/u21/zkdeng/miniforge3/etc/profile.d/conda.sh
no change     /home/u21/zkdeng/miniforge3/etc/fish/conf.d/conda.fish
no change     /home/u21/zkdeng/miniforge3/shell/condabin/Conda.psm1
no change     /home/u21/zkdeng/miniforge3/shell/condabin/conda-hook.ps1
no change     /home/u21/zkdeng/miniforge3/lib/python3.12/site-packages/xontrib/conda.xsh
no change     /home/u21/zkdeng/miniforge3/etc/profile.d/conda.csh
no change     /home/u21/zkdeng/.bashrc
No action taken.
Creating worker submit scripts in /xdisk/nirav/zkdeng/Taskvine/LDAWT/zkdeng-workers...
Submitted batch job 3432200
Submitted batch job 3432201
Submitted batch job 3432202
